<?xml version="1.0" encoding="UTF-8"?>
<!-- Generated by org.testng.reporters.JUnitReportReporter -->
<testsuite hostname="LAPTOP-RQMIKUIO" failures="0" tests="3" name="uiAutomation.FetchDataFromExcel" time="0.017" errors="0" timestamp="2024-02-10T19:03:38 IST" skipped="0">
  <testcase classname="uiAutomation.FetchDataFromExcel" name="Test_Id_03" time="0.012"/>
  <system-out/>
  <testcase classname="uiAutomation.FetchDataFromExcel" name="Test_Id_03" time="0.003"/>
  <system-out/>
  <testcase classname="uiAutomation.FetchDataFromExcel" name="Test_Id_03" time="0.002"/>
  <system-out/>
</testsuite> <!-- uiAutomation.FetchDataFromExcel -->
